The system is: Windows - 10.0.17134 - AMD64
Compiling the C compiler identification source file "CMakeCCompilerId.c" succeeded.
Compiler: C:/Program Files (x86)/Microsoft Visual Studio/2017/Community/VC/Tools/MSVC/14.15.26726/bin/Hostx86/x86/cl.exe 
Build flags: 
Id flags:  

The output was:
0
Microsoft (R) C/C++ Optimizing Compiler Version 19.15.26730 for x86
Copyright (C) Microsoft Corporation.  All rights reserved.

CMakeCCompilerId.c
Microsoft (R) Incremental Linker Version 14.15.26730.0
Copyright (C) Microsoft Corporation.  All rights reserved.

/out:CMakeCCompilerId.exe 
CMakeCCompilerId.obj 


Compilation of the C compiler identification source "CMakeCCompilerId.c" produced "CMakeCCompilerId.exe"

Compilation of the C compiler identification source "CMakeCCompilerId.c" produced "CMakeCCompilerId.obj"

The C compiler identification is MSVC, found in "C:/Users/Hunter/Dropbox/Code/CS-Coursework/02_Bootcamps/Build Your Own LISP/04_REPL/cmake-build-debug/CMakeFiles/3.12.2/CompilerIdC/CMakeCCompilerId.exe"

Determining if the C compiler works passed with the following output:
Change Dir: C:/Users/Hunter/Dropbox/Code/CS-Coursework/02_Bootcamps/Build Your Own LISP/04_REPL/cmake-build-debug/CMakeFiles/CMakeTmp

Run Build Command:"nmake" "/nologo" "cmTC_df5f1\fast"
	"C:\Program Files (x86)\Microsoft Visual Studio\2017\Community\VC\Tools\MSVC\14.15.26726\bin\HostX86\x86\nmake.exe" -f CMakeFiles\cmTC_df5f1.dir\build.make /nologo -L                  CMakeFiles\cmTC_df5f1.dir\build
Building C object CMakeFiles/cmTC_df5f1.dir/testCCompiler.c.obj
	C:\PROGRA~2\MICROS~2\2017\COMMUN~1\VC\Tools\MSVC\1415~1.267\bin\Hostx86\x86\cl.exe @C:\Users\Hunter\AppData\Local\Temp\nm29A4.tmp
testCCompiler.c
Linking C executable cmTC_df5f1.exe
	C:\Users\Hunter\AppData\Local\JetBrains\Toolbox\apps\CLion\ch-0\182.4505.18\bin\cmake\win\bin\cmake.exe -E vs_link_exe --intdir=CMakeFiles\cmTC_df5f1.dir --manifests  -- C:\PROGRA~2\MICROS~2\2017\COMMUN~1\VC\Tools\MSVC\1415~1.267\bin\Hostx86\x86\link.exe /nologo @CMakeFiles\cmTC_df5f1.dir\objects1.rsp @C:\Users\Hunter\AppData\Local\Temp\nm2A22.tmp


Detecting C compiler ABI info compiled with the following output:
Change Dir: C:/Users/Hunter/Dropbox/Code/CS-Coursework/02_Bootcamps/Build Your Own LISP/04_REPL/cmake-build-debug/CMakeFiles/CMakeTmp

Run Build Command:"nmake" "/nologo" "cmTC_a771a\fast"
	"C:\Program Files (x86)\Microsoft Visual Studio\2017\Community\VC\Tools\MSVC\14.15.26726\bin\HostX86\x86\nmake.exe" -f CMakeFiles\cmTC_a771a.dir\build.make /nologo -L                  CMakeFiles\cmTC_a771a.dir\build
Building C object CMakeFiles/cmTC_a771a.dir/CMakeCCompilerABI.c.obj
	C:\PROGRA~2\MICROS~2\2017\COMMUN~1\VC\Tools\MSVC\1415~1.267\bin\Hostx86\x86\cl.exe @C:\Users\Hunter\AppData\Local\Temp\nm3174.tmp
CMakeCCompilerABI.c
Linking C executable cmTC_a771a.exe
	C:\Users\Hunter\AppData\Local\JetBrains\Toolbox\apps\CLion\ch-0\182.4505.18\bin\cmake\win\bin\cmake.exe -E vs_link_exe --intdir=CMakeFiles\cmTC_a771a.dir --manifests  -- C:\PROGRA~2\MICROS~2\2017\COMMUN~1\VC\Tools\MSVC\1415~1.267\bin\Hostx86\x86\link.exe /nologo @CMakeFiles\cmTC_a771a.dir\objects1.rsp @C:\Users\Hunter\AppData\Local\Temp\nm3211.tmp




Detecting C [] compiler features compiled with the following output:
Change Dir: C:/Users/Hunter/Dropbox/Code/CS-Coursework/02_Bootcamps/Build Your Own LISP/04_REPL/cmake-build-debug/CMakeFiles/CMakeTmp

Run Build Command:"nmake" "/nologo" "cmTC_028d2\fast"
	"C:\Program Files (x86)\Microsoft Visual Studio\2017\Community\VC\Tools\MSVC\14.15.26726\bin\HostX86\x86\nmake.exe" -f CMakeFiles\cmTC_028d2.dir\build.make /nologo -L                  CMakeFiles\cmTC_028d2.dir\build
Building C object CMakeFiles/cmTC_028d2.dir/feature_tests.c.obj
	C:\PROGRA~2\MICROS~2\2017\COMMUN~1\VC\Tools\MSVC\1415~1.267\bin\Hostx86\x86\cl.exe @C:\Users\Hunter\AppData\Local\Temp\nm3B18.tmp
feature_tests.c
Linking C executable cmTC_028d2.exe
	C:\Users\Hunter\AppData\Local\JetBrains\Toolbox\apps\CLion\ch-0\182.4505.18\bin\cmake\win\bin\cmake.exe -E vs_link_exe --intdir=CMakeFiles\cmTC_028d2.dir --manifests  -- C:\PROGRA~2\MICROS~2\2017\COMMUN~1\VC\Tools\MSVC\1415~1.267\bin\Hostx86\x86\link.exe /nologo @CMakeFiles\cmTC_028d2.dir\objects1.rsp @C:\Users\Hunter\AppData\Local\Temp\nm3B96.tmp


    Feature record: C_FEATURE:1c_function_prototypes
    Feature record: C_FEATURE:1c_variadic_macros
