The system is: Windows - 10.0.17134 - AMD64
Compiling the C compiler identification source file "CMakeCCompilerId.c" succeeded.
Compiler: C:/Program Files (x86)/Microsoft Visual Studio/2017/Community/VC/Tools/MSVC/14.15.26726/bin/Hostx86/x86/cl.exe 
Build flags: 
Id flags:  

The output was:
0
Microsoft (R) C/C++ Optimizing Compiler Version 19.15.26730 for x86
Copyright (C) Microsoft Corporation.  All rights reserved.

CMakeCCompilerId.c
Microsoft (R) Incremental Linker Version 14.15.26730.0
Copyright (C) Microsoft Corporation.  All rights reserved.

/out:CMakeCCompilerId.exe 
CMakeCCompilerId.obj 


Compilation of the C compiler identification source "CMakeCCompilerId.c" produced "CMakeCCompilerId.exe"

Compilation of the C compiler identification source "CMakeCCompilerId.c" produced "CMakeCCompilerId.obj"

The C compiler identification is MSVC, found in "C:/Users/Hunter/Dropbox/Code/CS-Coursework/02_Bootcamps/Build Your Own LISP/02_HelloWorld/cmake-build-debug/CMakeFiles/3.12.2/CompilerIdC/CMakeCCompilerId.exe"

Determining if the C compiler works passed with the following output:
Change Dir: C:/Users/Hunter/Dropbox/Code/CS-Coursework/02_Bootcamps/Build Your Own LISP/02_HelloWorld/cmake-build-debug/CMakeFiles/CMakeTmp

Run Build Command:"nmake" "/nologo" "cmTC_737c5\fast"
	"C:\Program Files (x86)\Microsoft Visual Studio\2017\Community\VC\Tools\MSVC\14.15.26726\bin\HostX86\x86\nmake.exe" -f CMakeFiles\cmTC_737c5.dir\build.make /nologo -L                  CMakeFiles\cmTC_737c5.dir\build
Building C object CMakeFiles/cmTC_737c5.dir/testCCompiler.c.obj
	C:\PROGRA~2\MICROS~2\2017\COMMUN~1\VC\Tools\MSVC\1415~1.267\bin\Hostx86\x86\cl.exe @C:\Users\Hunter\AppData\Local\Temp\nmA9E7.tmp
testCCompiler.c
Linking C executable cmTC_737c5.exe
	C:\Users\Hunter\AppData\Local\JetBrains\Toolbox\apps\CLion\ch-0\182.4505.18\bin\cmake\win\bin\cmake.exe -E vs_link_exe --intdir=CMakeFiles\cmTC_737c5.dir --manifests  -- C:\PROGRA~2\MICROS~2\2017\COMMUN~1\VC\Tools\MSVC\1415~1.267\bin\Hostx86\x86\link.exe /nologo @CMakeFiles\cmTC_737c5.dir\objects1.rsp @C:\Users\Hunter\AppData\Local\Temp\nmAF57.tmp


Detecting C compiler ABI info compiled with the following output:
Change Dir: C:/Users/Hunter/Dropbox/Code/CS-Coursework/02_Bootcamps/Build Your Own LISP/02_HelloWorld/cmake-build-debug/CMakeFiles/CMakeTmp

Run Build Command:"nmake" "/nologo" "cmTC_1f152\fast"
	"C:\Program Files (x86)\Microsoft Visual Studio\2017\Community\VC\Tools\MSVC\14.15.26726\bin\HostX86\x86\nmake.exe" -f CMakeFiles\cmTC_1f152.dir\build.make /nologo -L                  CMakeFiles\cmTC_1f152.dir\build
Building C object CMakeFiles/cmTC_1f152.dir/CMakeCCompilerABI.c.obj
	C:\PROGRA~2\MICROS~2\2017\COMMUN~1\VC\Tools\MSVC\1415~1.267\bin\Hostx86\x86\cl.exe @C:\Users\Hunter\AppData\Local\Temp\nmCA40.tmp
CMakeCCompilerABI.c
Linking C executable cmTC_1f152.exe
	C:\Users\Hunter\AppData\Local\JetBrains\Toolbox\apps\CLion\ch-0\182.4505.18\bin\cmake\win\bin\cmake.exe -E vs_link_exe --intdir=CMakeFiles\cmTC_1f152.dir --manifests  -- C:\PROGRA~2\MICROS~2\2017\COMMUN~1\VC\Tools\MSVC\1415~1.267\bin\Hostx86\x86\link.exe /nologo @CMakeFiles\cmTC_1f152.dir\objects1.rsp @C:\Users\Hunter\AppData\Local\Temp\nmCC74.tmp




Detecting C [] compiler features compiled with the following output:
Change Dir: C:/Users/Hunter/Dropbox/Code/CS-Coursework/02_Bootcamps/Build Your Own LISP/02_HelloWorld/cmake-build-debug/CMakeFiles/CMakeTmp

Run Build Command:"nmake" "/nologo" "cmTC_6c994\fast"
	"C:\Program Files (x86)\Microsoft Visual Studio\2017\Community\VC\Tools\MSVC\14.15.26726\bin\HostX86\x86\nmake.exe" -f CMakeFiles\cmTC_6c994.dir\build.make /nologo -L                  CMakeFiles\cmTC_6c994.dir\build
Building C object CMakeFiles/cmTC_6c994.dir/feature_tests.c.obj
	C:\PROGRA~2\MICROS~2\2017\COMMUN~1\VC\Tools\MSVC\1415~1.267\bin\Hostx86\x86\cl.exe @C:\Users\Hunter\AppData\Local\Temp\nmD6B4.tmp
feature_tests.c
Linking C executable cmTC_6c994.exe
	C:\Users\Hunter\AppData\Local\JetBrains\Toolbox\apps\CLion\ch-0\182.4505.18\bin\cmake\win\bin\cmake.exe -E vs_link_exe --intdir=CMakeFiles\cmTC_6c994.dir --manifests  -- C:\PROGRA~2\MICROS~2\2017\COMMUN~1\VC\Tools\MSVC\1415~1.267\bin\Hostx86\x86\link.exe /nologo @CMakeFiles\cmTC_6c994.dir\objects1.rsp @C:\Users\Hunter\AppData\Local\Temp\nmD741.tmp


    Feature record: C_FEATURE:1c_function_prototypes
    Feature record: C_FEATURE:1c_variadic_macros
